[17-Nov-2024 03:11:00 Europe/Berlin] PHP Warning:  Undefined variable $conn in C:\xampp\htdocs\Coursework\includes\add_comment.php on line 29
[17-Nov-2024 03:11:00 Europe/Berlin] PHP Fatal error:  Uncaught Error: Call to a member function prepare() on null in C:\xampp\htdocs\Coursework\includes\add_comment.php:29
Stack trace:
#0 {main}
  thrown in C:\xampp\htdocs\Coursework\includes\add_comment.php on line 29
[17-Nov-2024 03:11:21 Europe/Berlin] PHP Warning:  Undefined variable $conn in C:\xampp\htdocs\Coursework\includes\add_comment.php on line 29
[17-Nov-2024 03:11:21 Europe/Berlin] PHP Fatal error:  Uncaught Error: Call to a member function prepare() on null in C:\xampp\htdocs\Coursework\includes\add_comment.php:29
Stack trace:
#0 {main}
  thrown in C:\xampp\htdocs\Coursework\includes\add_comment.php on line 29
[17-Nov-2024 03:11:21 Europe/Berlin] PHP Warning:  Undefined variable $conn in C:\xampp\htdocs\Coursework\includes\add_comment.php on line 29
[17-Nov-2024 03:11:21 Europe/Berlin] PHP Fatal error:  Uncaught Error: Call to a member function prepare() on null in C:\xampp\htdocs\Coursework\includes\add_comment.php:29
Stack trace:
#0 {main}
  thrown in C:\xampp\htdocs\Coursework\includes\add_comment.php on line 29
[17-Nov-2024 03:11:22 Europe/Berlin] PHP Warning:  Undefined variable $conn in C:\xampp\htdocs\Coursework\includes\add_comment.php on line 29
[17-Nov-2024 03:11:22 Europe/Berlin] PHP Fatal error:  Uncaught Error: Call to a member function prepare() on null in C:\xampp\htdocs\Coursework\includes\add_comment.php:29
Stack trace:
#0 {main}
  thrown in C:\xampp\htdocs\Coursework\includes\add_comment.php on line 29
[17-Nov-2024 03:11:22 Europe/Berlin] PHP Warning:  Undefined variable $conn in C:\xampp\htdocs\Coursework\includes\add_comment.php on line 29
[17-Nov-2024 03:11:22 Europe/Berlin] PHP Fatal error:  Uncaught Error: Call to a member function prepare() on null in C:\xampp\htdocs\Coursework\includes\add_comment.php:29
Stack trace:
#0 {main}
  thrown in C:\xampp\htdocs\Coursework\includes\add_comment.php on line 29
